<?xml version="1.0" encoding="UTF-8"?>
<!-- Generated by org.testng.reporters.JUnitReportReporter -->
<testsuite hostname="LAPTOP-49NH7S8J" failures="0" tests="1" name="JavaStreams" time="0.011" errors="0" timestamp="2023-05-01T21:29:29 IST" skipped="0">
  <testcase classname="JavaStreams" name="streamCollect" time="0.011"/>
  <system-out/>
</testsuite> <!-- JavaStreams -->
